<?xml version="1.0" encoding="UTF-8" ?>
<testsuite failures="0" time="0.001" errors="0" skipped="0" tests="1" name="mektorp.repository.MapFunctionTest">
  <properties>
    <property name="java.runtime.name" value="Java(TM) SE Runtime Environment"/>
    <property name="sun.boot.library.path" value="/Library/Java/JavaVirtualMachines/1.7.0.jdk/Contents/Home/jre/lib"/>
    <property name="java.vm.version" value="23.0-b21"/>
    <property name="user.country.format" value="IN"/>
    <property name="gopherProxySet" value="false"/>
    <property name="java.vm.vendor" value="Oracle Corporation"/>
    <property name="java.vendor.url" value="http://java.oracle.com/"/>
    <property name="path.separator" value=":"/>
    <property name="java.vm.name" value="Java HotSpot(TM) 64-Bit Server VM"/>
    <property name="file.encoding.pkg" value="sun.io"/>
    <property name="user.country" value="US"/>
    <property name="sun.java.launcher" value="SUN_STANDARD"/>
    <property name="sun.os.patch.level" value="unknown"/>
    <property name="java.vm.specification.name" value="Java Virtual Machine Specification"/>
    <property name="user.dir" value="/Users/Vsingh/Projects/mektorp/mcouch-ektorp"/>
    <property name="java.runtime.version" value="1.7.0_04-b21"/>
    <property name="java.awt.graphicsenv" value="sun.awt.CGraphicsEnvironment"/>
    <property name="basedir" value="/Users/Vsingh/Projects/mektorp/mcouch-ektorp"/>
    <property name="java.endorsed.dirs" value="/Library/Java/JavaVirtualMachines/1.7.0.jdk/Contents/Home/jre/lib/endorsed"/>
    <property name="os.arch" value="x86_64"/>
    <property name="surefire.real.class.path" value="/Users/Vsingh/Projects/mektorp/mcouch-ektorp/target/surefire/surefirebooter3360981990655762093.jar"/>
    <property name="java.io.tmpdir" value="/var/folders/9v/8rzfkzz9775_9ycbt35drxt80000gp/T/"/>
    <property name="line.separator" value="
"/>
    <property name="java.vm.specification.vendor" value="Oracle Corporation"/>
    <property name="os.name" value="Mac OS X"/>
    <property name="sun.jnu.encoding" value="UTF-8"/>
    <property name="java.library.path" value="/Users/Vsingh/Library/Java/Extensions:/Library/Java/Extensions:/Network/Library/Java/Extensions:/System/Library/Java/Extensions:/usr/lib/java:."/>
    <property name="surefire.test.class.path" value="/Users/Vsingh/Projects/mektorp/mcouch-ektorp/target/test-classes:/Users/Vsingh/Projects/mektorp/mcouch-ektorp/target/classes:/Users/Vsingh/.m2/repository/org/ektorp/org.ektorp/1.3.0/org.ektorp-1.3.0.jar:/Users/Vsingh/.m2/repository/org/codehaus/jackson/jackson-core-asl/1.9.7/jackson-core-asl-1.9.7.jar:/Users/Vsingh/.m2/repository/org/codehaus/jackson/jackson-mapper-asl/1.9.7/jackson-mapper-asl-1.9.7.jar:/Users/Vsingh/.m2/repository/org/apache/httpcomponents/httpclient/4.1.2/httpclient-4.1.2.jar:/Users/Vsingh/.m2/repository/org/apache/httpcomponents/httpcore/4.1.2/httpcore-4.1.2.jar:/Users/Vsingh/.m2/repository/commons-logging/commons-logging/1.1.1/commons-logging-1.1.1.jar:/Users/Vsingh/.m2/repository/org/apache/httpcomponents/httpclient-cache/4.1.2/httpclient-cache-4.1.2.jar:/Users/Vsingh/.m2/repository/commons-io/commons-io/2.0.1/commons-io-2.0.1.jar:/Users/Vsingh/.m2/repository/org/slf4j/slf4j-api/1.6.4/slf4j-api-1.6.4.jar:/Users/Vsingh/.m2/repository/rhino/js/1.7R2/js-1.7R2.jar:/Users/Vsingh/.m2/repository/junit/junit/4.10/junit-4.10.jar:/Users/Vsingh/.m2/repository/org/hamcrest/hamcrest-core/1.1/hamcrest-core-1.1.jar:/Users/Vsingh/.m2/repository/org/springframework/spring-core/3.1.0.RELEASE/spring-core-3.1.0.RELEASE.jar:/Users/Vsingh/.m2/repository/org/springframework/spring-asm/3.1.0.RELEASE/spring-asm-3.1.0.RELEASE.jar:"/>
    <property name="java.specification.name" value="Java Platform API Specification"/>
    <property name="java.class.version" value="51.0"/>
    <property name="sun.management.compiler" value="HotSpot 64-Bit Tiered Compilers"/>
    <property name="os.version" value="10.7.4"/>
    <property name="http.nonProxyHosts" value="local|*.local|169.254/16|*.169.254/16"/>
    <property name="user.home" value="/Users/Vsingh"/>
    <property name="user.timezone" value="Asia/Kolkata"/>
    <property name="java.awt.printerjob" value="sun.lwawt.macosx.CPrinterJob"/>
    <property name="java.specification.version" value="1.7"/>
    <property name="file.encoding" value="UTF-8"/>
    <property name="user.name" value="Vsingh"/>
    <property name="java.class.path" value="/Users/Vsingh/Projects/mektorp/mcouch-ektorp/target/test-classes:/Users/Vsingh/Projects/mektorp/mcouch-ektorp/target/classes:/Users/Vsingh/.m2/repository/org/ektorp/org.ektorp/1.3.0/org.ektorp-1.3.0.jar:/Users/Vsingh/.m2/repository/org/codehaus/jackson/jackson-core-asl/1.9.7/jackson-core-asl-1.9.7.jar:/Users/Vsingh/.m2/repository/org/codehaus/jackson/jackson-mapper-asl/1.9.7/jackson-mapper-asl-1.9.7.jar:/Users/Vsingh/.m2/repository/org/apache/httpcomponents/httpclient/4.1.2/httpclient-4.1.2.jar:/Users/Vsingh/.m2/repository/org/apache/httpcomponents/httpcore/4.1.2/httpcore-4.1.2.jar:/Users/Vsingh/.m2/repository/commons-logging/commons-logging/1.1.1/commons-logging-1.1.1.jar:/Users/Vsingh/.m2/repository/org/apache/httpcomponents/httpclient-cache/4.1.2/httpclient-cache-4.1.2.jar:/Users/Vsingh/.m2/repository/commons-io/commons-io/2.0.1/commons-io-2.0.1.jar:/Users/Vsingh/.m2/repository/org/slf4j/slf4j-api/1.6.4/slf4j-api-1.6.4.jar:/Users/Vsingh/.m2/repository/rhino/js/1.7R2/js-1.7R2.jar:/Users/Vsingh/.m2/repository/junit/junit/4.10/junit-4.10.jar:/Users/Vsingh/.m2/repository/org/hamcrest/hamcrest-core/1.1/hamcrest-core-1.1.jar:/Users/Vsingh/.m2/repository/org/springframework/spring-core/3.1.0.RELEASE/spring-core-3.1.0.RELEASE.jar:/Users/Vsingh/.m2/repository/org/springframework/spring-asm/3.1.0.RELEASE/spring-asm-3.1.0.RELEASE.jar:"/>
    <property name="java.vm.specification.version" value="1.7"/>
    <property name="sun.arch.data.model" value="64"/>
    <property name="java.home" value="/Library/Java/JavaVirtualMachines/1.7.0.jdk/Contents/Home/jre"/>
    <property name="sun.java.command" value="/Users/Vsingh/Projects/mektorp/mcouch-ektorp/target/surefire/surefirebooter3360981990655762093.jar /Users/Vsingh/Projects/mektorp/mcouch-ektorp/target/surefire/surefire4731542252755480536tmp /Users/Vsingh/Projects/mektorp/mcouch-ektorp/target/surefire/surefire7069775146325287297tmp"/>
    <property name="java.specification.vendor" value="Oracle Corporation"/>
    <property name="user.language" value="en"/>
    <property name="awt.toolkit" value="sun.lwawt.macosx.LWCToolkit"/>
    <property name="java.vm.info" value="mixed mode"/>
    <property name="java.version" value="1.7.0_04"/>
    <property name="java.ext.dirs" value="/Users/Vsingh/Library/Java/Extensions:/Library/Java/JavaVirtualMachines/1.7.0.jdk/Contents/Home/jre/lib/ext:/Library/Java/Extensions:/Network/Library/Java/Extensions:/System/Library/Java/Extensions:/usr/lib/java"/>
    <property name="sun.boot.class.path" value="/Library/Java/JavaVirtualMachines/1.7.0.jdk/Contents/Home/jre/lib/resources.jar:/Library/Java/JavaVirtualMachines/1.7.0.jdk/Contents/Home/jre/lib/rt.jar:/Library/Java/JavaVirtualMachines/1.7.0.jdk/Contents/Home/jre/lib/sunrsasign.jar:/Library/Java/JavaVirtualMachines/1.7.0.jdk/Contents/Home/jre/lib/jsse.jar:/Library/Java/JavaVirtualMachines/1.7.0.jdk/Contents/Home/jre/lib/jce.jar:/Library/Java/JavaVirtualMachines/1.7.0.jdk/Contents/Home/jre/lib/charsets.jar:/Library/Java/JavaVirtualMachines/1.7.0.jdk/Contents/Home/jre/lib/jfr.jar:/Library/Java/JavaVirtualMachines/1.7.0.jdk/Contents/Home/jre/lib/JObjC.jar:/Library/Java/JavaVirtualMachines/1.7.0.jdk/Contents/Home/jre/classes"/>
    <property name="java.vendor" value="Oracle Corporation"/>
    <property name="localRepository" value="/Users/Vsingh/.m2/repository"/>
    <property name="file.separator" value="/"/>
    <property name="java.vendor.url.bug" value="http://bugreport.sun.com/bugreport/"/>
    <property name="sun.cpu.endian" value="little"/>
    <property name="sun.io.unicode.encoding" value="UnicodeBig"/>
    <property name="socksNonProxyHosts" value="local|*.local|169.254/16|*.169.254/16"/>
    <property name="ftp.nonProxyHosts" value="local|*.local|169.254/16|*.169.254/16"/>
    <property name="sun.cpu.isalist" value=""/>
  </properties>
  <testcase time="0" classname="mektorp.repository.MapFunctionTest" name="fromGenerateView"/>
</testsuite>